INFO:WDM:====== WebDriver manager ======
INFO:WDM:Get LATEST chromedriver version for google-chrome
INFO:WDM:Get LATEST chromedriver version for google-chrome
INFO:WDM:Driver [C:\Users\chatu\.wdm\drivers\chromedriver\win64\124.0.6367.201\chromedriver-win32/chromedriver.exe] found in cache
INFO:comtypes.client._code_cache:Imported existing <module 'comtypes.gen' from 'C:\\Users\\chatu\\AppData\\Local\\Programs\\Python\\Python311\\Lib\\site-packages\\comtypes\\gen\\__init__.py'>
INFO:comtypes.client._code_cache:Using writeable comtypes cache directory: 'C:\Users\chatu\AppData\Local\Programs\Python\Python311\Lib\site-packages\comtypes\gen'
INFO:WDM:====== WebDriver manager ======
INFO:WDM:Get LATEST chromedriver version for google-chrome
INFO:WDM:Get LATEST chromedriver version for google-chrome
INFO:WDM:Driver [C:\Users\chatu\.wdm\drivers\chromedriver\win64\124.0.6367.201\chromedriver-win32/chromedriver.exe] found in cache
INFO:comtypes.client._code_cache:Imported existing <module 'comtypes.gen' from 'C:\\Users\\chatu\\AppData\\Local\\Programs\\Python\\Python311\\Lib\\site-packages\\comtypes\\gen\\__init__.py'>
INFO:comtypes.client._code_cache:Using writeable comtypes cache directory: 'C:\Users\chatu\AppData\Local\Programs\Python\Python311\Lib\site-packages\comtypes\gen'
INFO:WDM:====== WebDriver manager ======
INFO:WDM:Get LATEST chromedriver version for google-chrome
INFO:WDM:Get LATEST chromedriver version for google-chrome
INFO:WDM:Driver [C:\Users\chatu\.wdm\drivers\chromedriver\win64\124.0.6367.201\chromedriver-win32/chromedriver.exe] found in cache
INFO:comtypes.client._code_cache:Imported existing <module 'comtypes.gen' from 'C:\\Users\\chatu\\AppData\\Local\\Programs\\Python\\Python311\\Lib\\site-packages\\comtypes\\gen\\__init__.py'>
INFO:comtypes.client._code_cache:Using writeable comtypes cache directory: 'C:\Users\chatu\AppData\Local\Programs\Python\Python311\Lib\site-packages\comtypes\gen'
INFO:WDM:====== WebDriver manager ======
INFO:WDM:Get LATEST chromedriver version for google-chrome
INFO:WDM:Get LATEST chromedriver version for google-chrome
INFO:WDM:Driver [C:\Users\chatu\.wdm\drivers\chromedriver\win64\124.0.6367.201\chromedriver-win32/chromedriver.exe] found in cache
INFO:comtypes.client._code_cache:Imported existing <module 'comtypes.gen' from 'C:\\Users\\chatu\\AppData\\Local\\Programs\\Python\\Python311\\Lib\\site-packages\\comtypes\\gen\\__init__.py'>
INFO:comtypes.client._code_cache:Using writeable comtypes cache directory: 'C:\Users\chatu\AppData\Local\Programs\Python\Python311\Lib\site-packages\comtypes\gen'
